2025-05-27 16:53:02.265 [info] Reading sessions from keychain...
2025-05-27 16:53:02.265 [info] Getting sessions for all scopes...
2025-05-27 16:53:02.265 [info] Getting sessions for all scopes...
2025-05-27 16:53:02.265 [info] Getting sessions for all scopes...
2025-05-27 16:53:02.265 [info] Getting sessions for all scopes...
2025-05-27 16:53:02.265 [info] Getting sessions for all scopes...
2025-05-27 16:53:02.265 [info] Getting sessions for all scopes...
2025-05-27 16:53:02.265 [info] Getting sessions for all scopes...
2025-05-27 16:53:02.265 [info] Getting sessions for all scopes...
2025-05-27 16:53:02.265 [info] Getting sessions for all scopes...
2025-05-27 16:53:02.265 [info] Got 0 sessions for ...
2025-05-27 16:53:02.265 [info] Got 0 sessions for ...
2025-05-27 16:53:02.265 [info] Got 0 sessions for ...
2025-05-27 16:53:02.265 [info] Got 0 sessions for ...
2025-05-27 16:53:02.265 [info] Got 0 sessions for ...
2025-05-27 16:53:02.265 [info] Got 0 sessions for ...
2025-05-27 16:53:02.265 [info] Got 0 sessions for ...
2025-05-27 16:53:02.265 [info] Got 0 sessions for ...
2025-05-27 16:53:02.265 [info] Got 0 sessions for ...
2025-05-27 16:53:02.268 [info] Getting sessions for all scopes...
2025-05-27 16:53:02.268 [info] Got 0 sessions for ...
2025-05-27 16:53:02.268 [info] Getting sessions for all scopes...
2025-05-27 16:53:02.268 [info] Got 0 sessions for ...
2025-05-27 16:53:02.269 [info] Getting sessions for all scopes...
2025-05-27 16:53:02.269 [info] Got 0 sessions for ...
2025-05-27 16:53:02.269 [info] Getting sessions for all scopes...
2025-05-27 16:53:02.269 [info] Got 0 sessions for ...
2025-05-27 16:53:02.269 [info] Getting sessions for all scopes...
2025-05-27 16:53:02.270 [info] Got 0 sessions for ...
2025-05-27 16:53:02.270 [info] Getting sessions for all scopes...
2025-05-27 16:53:02.270 [info] Got 0 sessions for ...
2025-05-27 16:53:03.153 [info] Getting sessions for all scopes...
2025-05-27 16:53:03.153 [info] Got 0 sessions for ...
2025-05-27 16:55:31.948 [info] Reading sessions from keychain...
2025-05-27 16:55:31.948 [info] Getting sessions for all scopes...
2025-05-27 16:55:31.948 [info] Getting sessions for all scopes...
2025-05-27 16:55:31.948 [info] Getting sessions for all scopes...
2025-05-27 16:55:31.948 [info] Getting sessions for all scopes...
2025-05-27 16:55:31.948 [info] Getting sessions for all scopes...
2025-05-27 16:55:31.948 [info] Getting sessions for all scopes...
2025-05-27 16:55:31.948 [info] Getting sessions for all scopes...
2025-05-27 16:55:31.948 [info] Getting sessions for all scopes...
2025-05-27 16:55:31.948 [info] Getting sessions for all scopes...
2025-05-27 16:55:31.948 [info] Got 0 sessions for ...
2025-05-27 16:55:31.948 [info] Got 0 sessions for ...
2025-05-27 16:55:31.948 [info] Got 0 sessions for ...
2025-05-27 16:55:31.948 [info] Got 0 sessions for ...
2025-05-27 16:55:31.948 [info] Got 0 sessions for ...
2025-05-27 16:55:31.948 [info] Got 0 sessions for ...
2025-05-27 16:55:31.948 [info] Got 0 sessions for ...
2025-05-27 16:55:31.948 [info] Got 0 sessions for ...
2025-05-27 16:55:31.948 [info] Got 0 sessions for ...
2025-05-27 16:55:31.948 [info] Getting sessions for all scopes...
2025-05-27 16:55:31.948 [info] Got 0 sessions for ...
2025-05-27 16:55:31.948 [info] Getting sessions for all scopes...
2025-05-27 16:55:31.948 [info] Got 0 sessions for ...
2025-05-27 16:55:31.948 [info] Getting sessions for all scopes...
2025-05-27 16:55:31.948 [info] Got 0 sessions for ...
2025-05-27 16:55:31.948 [info] Getting sessions for all scopes...
2025-05-27 16:55:31.948 [info] Got 0 sessions for ...
2025-05-27 16:55:31.948 [info] Getting sessions for all scopes...
2025-05-27 16:55:31.948 [info] Got 0 sessions for ...
2025-05-27 16:55:31.948 [info] Getting sessions for all scopes...
2025-05-27 16:55:31.948 [info] Got 0 sessions for ...
2025-05-27 16:55:32.559 [info] Getting sessions for all scopes...
2025-05-27 16:55:32.559 [info] Got 0 sessions for ...
2025-05-27 16:55:36.647 [info] Getting sessions for read:user,repo,user:email,workflow...
2025-05-27 16:55:36.647 [info] Got 0 sessions for read:user,repo,user:email,workflow...
2025-05-27 16:56:27.076 [info] Getting sessions for read:user,repo,user:email,workflow...
2025-05-27 16:56:27.076 [info] Got 0 sessions for read:user,repo,user:email,workflow...
