2025-05-27 21:20:49.985 [info] [main] Log level: Info
2025-05-27 21:20:49.985 [info] [main] Validating found git in: "git"
2025-05-27 21:20:49.985 [info] [main] Using git "2.49.0" from "git"
2025-05-27 21:20:49.985 [info] [Model][doInitialScan] Initial repository scan started
2025-05-27 21:20:49.985 [info] > git rev-parse --show-toplevel [12ms]
2025-05-27 21:20:49.985 [info] fatal: not a git repository (or any parent up to mount point /run/media/murilo)
Stopping at filesystem boundary (GIT_DISCOVERY_ACROSS_FILESYSTEM not set).
2025-05-27 21:20:49.985 [info] [Model][doInitialScan] Initial repository scan completed - repositories (0), closed repositories (0), parent repositories (0), unsafe repositories (0)
2025-05-27 21:20:54.935 [info] > git rev-parse --show-toplevel [5ms]
2025-05-27 21:20:54.935 [info] fatal: not a git repository (or any parent up to mount point /run/media/murilo)
Stopping at filesystem boundary (GIT_DISCOVERY_ACROSS_FILESYSTEM not set).
2025-05-27 21:21:08.679 [info] > git rev-parse --show-toplevel [7ms]
2025-05-27 21:21:08.679 [info] fatal: not a git repository (or any parent up to mount point /run/media/murilo)
Stopping at filesystem boundary (GIT_DISCOVERY_ACROSS_FILESYSTEM not set).
2025-05-27 21:21:08.930 [info] > git rev-parse --show-toplevel [6ms]
2025-05-27 21:21:08.930 [info] fatal: not a git repository (or any parent up to mount point /run/media/murilo)
Stopping at filesystem boundary (GIT_DISCOVERY_ACROSS_FILESYSTEM not set).
2025-05-27 21:23:06.708 [info] > git rev-parse --show-toplevel [8ms]
2025-05-27 21:23:06.708 [info] fatal: not a git repository (or any parent up to mount point /run/media/murilo)
Stopping at filesystem boundary (GIT_DISCOVERY_ACROSS_FILESYSTEM not set).
2025-05-27 21:24:39.254 [info] > git rev-parse --show-toplevel [10ms]
2025-05-27 21:24:39.254 [info] fatal: not a git repository (or any parent up to mount point /run/media/murilo)
Stopping at filesystem boundary (GIT_DISCOVERY_ACROSS_FILESYSTEM not set).
2025-05-27 21:24:40.326 [info] > git rev-parse --show-toplevel [6ms]
2025-05-27 21:24:40.326 [info] fatal: not a git repository (or any parent up to mount point /run/media/murilo)
Stopping at filesystem boundary (GIT_DISCOVERY_ACROSS_FILESYSTEM not set).
2025-05-27 21:24:43.414 [info] > git rev-parse --show-toplevel [5ms]
2025-05-27 21:24:43.414 [info] fatal: not a git repository (or any parent up to mount point /run/media/murilo)
Stopping at filesystem boundary (GIT_DISCOVERY_ACROSS_FILESYSTEM not set).
2025-05-27 21:24:44.852 [info] > git rev-parse --show-toplevel [5ms]
2025-05-27 21:24:44.852 [info] fatal: not a git repository (or any parent up to mount point /run/media/murilo)
Stopping at filesystem boundary (GIT_DISCOVERY_ACROSS_FILESYSTEM not set).
2025-05-27 21:25:06.222 [info] > git rev-parse --show-toplevel [5ms]
2025-05-27 21:25:06.222 [info] fatal: not a git repository (or any parent up to mount point /run/media/murilo)
Stopping at filesystem boundary (GIT_DISCOVERY_ACROSS_FILESYSTEM not set).
2025-05-27 21:25:17.900 [info] > git rev-parse --show-toplevel [5ms]
2025-05-27 21:25:17.900 [info] fatal: not a git repository (or any parent up to mount point /run/media/murilo)
Stopping at filesystem boundary (GIT_DISCOVERY_ACROSS_FILESYSTEM not set).
2025-05-27 21:25:20.719 [info] > git rev-parse --show-toplevel [5ms]
2025-05-27 21:25:20.720 [info] fatal: not a git repository (or any parent up to mount point /run/media/murilo)
Stopping at filesystem boundary (GIT_DISCOVERY_ACROSS_FILESYSTEM not set).
2025-05-27 21:25:22.950 [info] > git rev-parse --show-toplevel [5ms]
2025-05-27 21:25:22.950 [info] fatal: not a git repository (or any parent up to mount point /run/media/murilo)
Stopping at filesystem boundary (GIT_DISCOVERY_ACROSS_FILESYSTEM not set).
2025-05-27 21:26:02.743 [info] > git rev-parse --show-toplevel [5ms]
2025-05-27 21:26:02.743 [info] fatal: not a git repository (or any parent up to mount point /run/media/murilo)
Stopping at filesystem boundary (GIT_DISCOVERY_ACROSS_FILESYSTEM not set).
2025-05-27 21:29:33.814 [info] > git rev-parse --show-toplevel [5ms]
2025-05-27 21:29:33.814 [info] fatal: not a git repository (or any parent up to mount point /run/media/murilo)
Stopping at filesystem boundary (GIT_DISCOVERY_ACROSS_FILESYSTEM not set).
2025-05-27 21:29:35.001 [info] > git rev-parse --show-toplevel [5ms]
2025-05-27 21:29:35.002 [info] fatal: not a git repository (or any parent up to mount point /run/media/murilo)
Stopping at filesystem boundary (GIT_DISCOVERY_ACROSS_FILESYSTEM not set).
2025-05-27 21:30:11.559 [info] > git rev-parse --show-toplevel [5ms]
2025-05-27 21:30:11.559 [info] fatal: not a git repository (or any parent up to mount point /run/media/murilo)
Stopping at filesystem boundary (GIT_DISCOVERY_ACROSS_FILESYSTEM not set).
2025-05-27 21:30:12.136 [info] > git rev-parse --show-toplevel [6ms]
2025-05-27 21:30:12.136 [info] fatal: not a git repository (or any parent up to mount point /run/media/murilo)
Stopping at filesystem boundary (GIT_DISCOVERY_ACROSS_FILESYSTEM not set).
2025-05-27 21:30:37.686 [info] > git rev-parse --show-toplevel [6ms]
2025-05-27 21:30:37.686 [info] fatal: not a git repository (or any parent up to mount point /run/media/murilo)
Stopping at filesystem boundary (GIT_DISCOVERY_ACROSS_FILESYSTEM not set).
2025-05-27 21:30:39.717 [info] > git rev-parse --show-toplevel [52ms]
2025-05-27 21:30:39.717 [info] fatal: not a git repository (or any parent up to mount point /run/media/murilo)
Stopping at filesystem boundary (GIT_DISCOVERY_ACROSS_FILESYSTEM not set).
2025-05-27 21:31:27.086 [info] > git rev-parse --show-toplevel [6ms]
2025-05-27 21:31:27.086 [info] fatal: not a git repository (or any parent up to mount point /run/media/murilo)
Stopping at filesystem boundary (GIT_DISCOVERY_ACROSS_FILESYSTEM not set).
2025-05-27 21:31:28.351 [info] > git rev-parse --show-toplevel [5ms]
2025-05-27 21:31:28.351 [info] fatal: not a git repository (or any parent up to mount point /run/media/murilo)
Stopping at filesystem boundary (GIT_DISCOVERY_ACROSS_FILESYSTEM not set).
2025-05-27 21:32:01.928 [info] > git rev-parse --show-toplevel [5ms]
2025-05-27 21:32:01.929 [info] fatal: not a git repository (or any parent up to mount point /run/media/murilo)
Stopping at filesystem boundary (GIT_DISCOVERY_ACROSS_FILESYSTEM not set).
2025-05-27 21:32:02.293 [info] > git rev-parse --show-toplevel [5ms]
2025-05-27 21:32:02.293 [info] fatal: not a git repository (or any parent up to mount point /run/media/murilo)
Stopping at filesystem boundary (GIT_DISCOVERY_ACROSS_FILESYSTEM not set).
2025-05-27 21:32:02.944 [info] > git rev-parse --show-toplevel [5ms]
2025-05-27 21:32:02.944 [info] fatal: not a git repository (or any parent up to mount point /run/media/murilo)
Stopping at filesystem boundary (GIT_DISCOVERY_ACROSS_FILESYSTEM not set).
2025-05-27 21:33:20.670 [info] > git rev-parse --show-toplevel [6ms]
2025-05-27 21:33:20.670 [info] fatal: not a git repository (or any parent up to mount point /run/media/murilo)
Stopping at filesystem boundary (GIT_DISCOVERY_ACROSS_FILESYSTEM not set).
2025-05-27 21:33:27.147 [info] > git rev-parse --show-toplevel [6ms]
2025-05-27 21:33:27.147 [info] fatal: not a git repository (or any parent up to mount point /run/media/murilo)
Stopping at filesystem boundary (GIT_DISCOVERY_ACROSS_FILESYSTEM not set).
2025-05-27 21:33:28.658 [info] > git rev-parse --show-toplevel [5ms]
2025-05-27 21:33:28.658 [info] fatal: not a git repository (or any parent up to mount point /run/media/murilo)
Stopping at filesystem boundary (GIT_DISCOVERY_ACROSS_FILESYSTEM not set).
2025-05-27 21:33:30.518 [info] > git rev-parse --show-toplevel [6ms]
2025-05-27 21:33:30.518 [info] fatal: not a git repository (or any parent up to mount point /run/media/murilo)
Stopping at filesystem boundary (GIT_DISCOVERY_ACROSS_FILESYSTEM not set).
2025-05-27 21:38:24.801 [info] > git rev-parse --show-toplevel [6ms]
2025-05-27 21:38:24.801 [info] fatal: not a git repository (or any parent up to mount point /run/media/murilo)
Stopping at filesystem boundary (GIT_DISCOVERY_ACROSS_FILESYSTEM not set).
2025-05-27 21:38:37.766 [info] > git rev-parse --show-toplevel [6ms]
2025-05-27 21:38:37.766 [info] fatal: not a git repository (or any parent up to mount point /run/media/murilo)
Stopping at filesystem boundary (GIT_DISCOVERY_ACROSS_FILESYSTEM not set).
2025-05-27 21:38:41.946 [info] > git rev-parse --show-toplevel [6ms]
2025-05-27 21:38:41.947 [info] fatal: not a git repository (or any parent up to mount point /run/media/murilo)
Stopping at filesystem boundary (GIT_DISCOVERY_ACROSS_FILESYSTEM not set).
2025-05-27 21:38:42.068 [info] > git rev-parse --show-toplevel [10ms]
2025-05-27 21:38:42.068 [info] fatal: not a git repository (or any parent up to mount point /run/media/murilo)
Stopping at filesystem boundary (GIT_DISCOVERY_ACROSS_FILESYSTEM not set).
2025-05-27 21:39:07.226 [info] > git rev-parse --show-toplevel [6ms]
2025-05-27 21:39:07.226 [info] fatal: not a git repository (or any parent up to mount point /run/media/murilo)
Stopping at filesystem boundary (GIT_DISCOVERY_ACROSS_FILESYSTEM not set).
