2025-05-28 14:40:41.670 [info] Reading sessions from keychain...
2025-05-28 14:40:41.670 [info] Getting sessions for all scopes...
2025-05-28 14:40:41.670 [info] Getting sessions for all scopes...
2025-05-28 14:40:41.670 [info] Getting sessions for all scopes...
2025-05-28 14:40:41.670 [info] Getting sessions for all scopes...
2025-05-28 14:40:41.670 [info] Getting sessions for all scopes...
2025-05-28 14:40:41.670 [info] Getting sessions for all scopes...
2025-05-28 14:40:41.670 [info] Getting sessions for all scopes...
2025-05-28 14:40:41.670 [info] Getting sessions for all scopes...
2025-05-28 14:40:41.670 [info] Got 0 sessions for ...
2025-05-28 14:40:41.670 [info] Got 0 sessions for ...
2025-05-28 14:40:41.670 [info] Got 0 sessions for ...
2025-05-28 14:40:41.670 [info] Got 0 sessions for ...
2025-05-28 14:40:41.670 [info] Got 0 sessions for ...
2025-05-28 14:40:41.670 [info] Got 0 sessions for ...
2025-05-28 14:40:41.670 [info] Got 0 sessions for ...
2025-05-28 14:40:41.670 [info] Got 0 sessions for ...
2025-05-28 14:40:41.670 [info] Getting sessions for all scopes...
2025-05-28 14:40:41.670 [info] Got 0 sessions for ...
2025-05-28 14:40:41.739 [info] Getting sessions for all scopes...
2025-05-28 14:40:41.739 [info] Got 0 sessions for ...
2025-05-28 14:40:41.739 [info] Getting sessions for all scopes...
2025-05-28 14:40:41.739 [info] Got 0 sessions for ...
2025-05-28 14:40:41.740 [info] Getting sessions for all scopes...
2025-05-28 14:40:41.740 [info] Got 0 sessions for ...
2025-05-28 14:40:41.740 [info] Getting sessions for all scopes...
2025-05-28 14:40:41.740 [info] Got 0 sessions for ...
2025-05-28 14:40:41.740 [info] Getting sessions for all scopes...
2025-05-28 14:40:41.740 [info] Got 0 sessions for ...
2025-05-28 14:40:41.741 [info] Getting sessions for all scopes...
2025-05-28 14:40:41.741 [info] Got 0 sessions for ...
2025-05-28 14:40:42.398 [info] Getting sessions for all scopes...
2025-05-28 14:40:42.398 [info] Got 0 sessions for ...
2025-05-28 14:40:44.507 [info] Getting sessions for all scopes...
2025-05-28 14:40:44.507 [info] Got 0 sessions for ...
2025-05-28 14:40:44.507 [info] Getting sessions for all scopes...
2025-05-28 14:40:44.507 [info] Got 0 sessions for ...
2025-05-28 14:40:44.508 [info] Getting sessions for all scopes...
2025-05-28 14:40:44.508 [info] Got 0 sessions for ...
2025-05-28 14:40:44.709 [info] Getting sessions for all scopes...
2025-05-28 14:40:44.709 [info] Got 0 sessions for ...
2025-05-28 14:40:44.715 [info] Getting sessions for read:user,repo,user:email,workflow...
2025-05-28 14:40:44.715 [info] Got 0 sessions for read:user,repo,user:email,workflow...
2025-05-28 14:40:44.722 [info] Getting sessions for user:email...
2025-05-28 14:40:44.722 [info] Got 0 sessions for user:email...
2025-05-28 14:40:44.723 [info] Getting sessions for read:user,repo,user:email,workflow...
2025-05-28 14:40:44.723 [info] Got 0 sessions for read:user,repo,user:email,workflow...
2025-05-28 14:40:44.741 [info] Getting sessions for read:user...
2025-05-28 14:40:44.741 [info] Got 0 sessions for read:user...
2025-05-28 14:40:45.135 [info] Getting sessions for all scopes...
2025-05-28 14:40:45.135 [info] Got 0 sessions for ...
2025-05-28 14:40:45.136 [info] Getting sessions for user:email...
2025-05-28 14:40:45.136 [info] Got 0 sessions for user:email...
2025-05-28 14:40:45.145 [info] Getting sessions for user:email...
2025-05-28 14:40:45.145 [info] Got 0 sessions for user:email...
2025-05-28 14:40:45.149 [info] Getting sessions for all scopes...
2025-05-28 14:40:45.149 [info] Got 0 sessions for ...
2025-05-28 14:40:45.311 [info] Getting sessions for user:email...
2025-05-28 14:40:45.311 [info] Got 0 sessions for user:email...
2025-05-28 14:40:45.507 [info] Getting sessions for all scopes...
2025-05-28 14:40:45.507 [info] Got 0 sessions for ...
2025-05-28 14:40:45.509 [info] Getting sessions for user:email...
2025-05-28 14:40:45.509 [info] Got 0 sessions for user:email...
2025-05-28 14:40:45.511 [info] Getting sessions for all scopes...
2025-05-28 14:40:45.511 [info] Got 0 sessions for ...
2025-05-28 14:40:45.514 [info] Getting sessions for user:email...
2025-05-28 14:40:45.514 [info] Got 0 sessions for user:email...
2025-05-28 14:40:48.767 [info] Getting sessions for read:user,repo,user:email,workflow...
2025-05-28 14:40:48.767 [info] Got 0 sessions for read:user,repo,user:email,workflow...
2025-05-28 14:40:52.472 [info] Logging in with 'any' account...
2025-05-28 14:40:52.472 [info] Logging in for the following scopes: read:user repo user:email workflow
2025-05-28 14:40:52.512 [info] Trying without local server... (read:user repo user:email workflow)
2025-05-28 14:41:01.277 [info] Exchanging code for token...
2025-05-28 14:41:01.717 [info] Token exchange success!
2025-05-28 14:41:01.718 [info] Getting user info...
2025-05-28 14:41:02.325 [info] Got account info!
2025-05-28 14:41:02.326 [info] Storing 1 sessions...
2025-05-28 14:41:10.335 [info] Reading sessions from keychain...
2025-05-28 14:41:10.335 [info] Stored 1 sessions!
2025-05-28 14:41:10.335 [info] Login success!
2025-05-28 14:41:10.336 [info] Got stored sessions!
2025-05-28 14:41:10.336 [info] Got 1 verified sessions.
2025-05-28 14:41:10.337 [info] Getting sessions for all scopes...
2025-05-28 14:41:10.337 [info] Got 1 sessions for ...
2025-05-28 14:41:10.340 [info] Getting sessions for all scopes...
2025-05-28 14:41:10.340 [info] Got 1 sessions for ...
2025-05-28 14:41:10.342 [info] Getting sessions for all scopes...
2025-05-28 14:41:10.342 [info] Got 1 sessions for ...
2025-05-28 14:41:10.343 [info] Getting sessions for all scopes...
2025-05-28 14:41:10.343 [info] Got 1 sessions for ...
2025-05-28 14:41:10.388 [info] Getting sessions for all scopes...
2025-05-28 14:41:10.388 [info] Got 1 sessions for ...
2025-05-28 14:41:10.389 [info] Getting sessions for all scopes...
2025-05-28 14:41:10.389 [info] Got 1 sessions for ...
2025-05-28 14:41:10.397 [info] Getting sessions for all scopes...
2025-05-28 14:41:10.397 [info] Got 1 sessions for ...
2025-05-28 14:41:10.439 [info] Getting sessions for all scopes...
2025-05-28 14:41:10.439 [info] Got 1 sessions for ...
2025-05-28 14:41:10.441 [info] Getting sessions for read:user,repo,user:email,workflow...
2025-05-28 14:41:10.441 [info] Got 1 sessions for read:user,repo,user:email,workflow...
2025-05-28 14:41:10.501 [info] Getting sessions for read:user,repo,user:email,workflow...
2025-05-28 14:41:10.501 [info] Got 1 sessions for read:user,repo,user:email,workflow...
2025-05-28 14:41:10.506 [info] Getting sessions for all scopes...
2025-05-28 14:41:10.506 [info] Got 1 sessions for ...
2025-05-28 14:41:10.510 [info] Getting sessions for read:user,repo,user:email,workflow...
2025-05-28 14:41:10.510 [info] Got 1 sessions for read:user,repo,user:email,workflow...
2025-05-28 14:41:10.514 [info] Getting sessions for all scopes...
2025-05-28 14:41:10.514 [info] Got 1 sessions for ...
2025-05-28 14:41:10.517 [info] Getting sessions for read:user,repo,user:email,workflow...
2025-05-28 14:41:10.517 [info] Got 1 sessions for read:user,repo,user:email,workflow...
2025-05-28 14:41:11.625 [info] Getting sessions for all scopes...
2025-05-28 14:41:11.625 [info] Got 1 sessions for ...
2025-05-28 14:41:11.626 [info] Getting sessions for all scopes...
2025-05-28 14:41:11.627 [info] Got 1 sessions for ...
2025-05-28 14:41:11.630 [info] Getting sessions for read:user,repo,user:email,workflow...
2025-05-28 14:41:11.630 [info] Got 1 sessions for read:user,repo,user:email,workflow...
2025-05-28 14:41:11.660 [info] Getting sessions for all scopes...
2025-05-28 14:41:11.660 [info] Got 1 sessions for ...
2025-05-28 14:41:11.691 [info] Getting sessions for read:user,repo,user:email,workflow...
2025-05-28 14:41:11.691 [info] Got 1 sessions for read:user,repo,user:email,workflow...
2025-05-28 14:41:11.844 [info] Getting sessions for all scopes...
2025-05-28 14:41:11.844 [info] Got 1 sessions for ...
2025-05-28 14:41:11.846 [info] Getting sessions for all scopes...
2025-05-28 14:41:11.846 [info] Got 1 sessions for ...
2025-05-28 14:41:11.849 [info] Getting sessions for read:user,repo,user:email,workflow...
2025-05-28 14:41:11.849 [info] Got 1 sessions for read:user,repo,user:email,workflow...
2025-05-28 14:41:11.862 [info] Getting sessions for all scopes...
2025-05-28 14:41:11.862 [info] Got 1 sessions for ...
2025-05-28 14:41:11.900 [info] Getting sessions for all scopes...
2025-05-28 14:41:11.900 [info] Got 1 sessions for ...
2025-05-28 14:41:11.901 [info] Getting sessions for all scopes...
2025-05-28 14:41:11.901 [info] Got 1 sessions for ...
2025-05-28 14:41:11.933 [info] Getting sessions for read:user,repo,user:email,workflow...
2025-05-28 14:41:11.933 [info] Got 1 sessions for read:user,repo,user:email,workflow...
2025-05-28 14:41:39.051 [info] Getting sessions for read:user,repo,user:email,workflow...
2025-05-28 14:41:39.051 [info] Got 1 sessions for read:user,repo,user:email,workflow...
2025-05-28 14:41:48.703 [info] Reading sessions from keychain...
2025-05-28 14:41:48.703 [info] Getting sessions for all scopes...
2025-05-28 14:41:48.703 [info] Getting sessions for all scopes...
2025-05-28 14:41:48.703 [info] Getting sessions for all scopes...
2025-05-28 14:41:48.703 [info] Got 0 sessions for ...
2025-05-28 14:41:48.703 [info] Got 0 sessions for ...
2025-05-28 14:41:48.703 [info] Got 0 sessions for ...
2025-05-28 14:41:48.703 [info] Getting sessions for all scopes...
2025-05-28 14:41:48.703 [info] Got 0 sessions for ...
2025-05-28 14:41:48.703 [info] Getting sessions for all scopes...
2025-05-28 14:41:48.703 [info] Got 0 sessions for ...
2025-05-28 14:41:48.703 [info] Getting sessions for all scopes...
2025-05-28 14:41:48.703 [info] Got 0 sessions for ...
2025-05-28 14:41:48.703 [info] Getting sessions for all scopes...
2025-05-28 14:41:48.703 [info] Got 0 sessions for ...
2025-05-28 14:41:48.703 [info] Getting sessions for all scopes...
2025-05-28 14:41:48.703 [info] Got 0 sessions for ...
2025-05-28 14:41:48.709 [info] Getting sessions for all scopes...
2025-05-28 14:41:48.709 [info] Got 0 sessions for ...
2025-05-28 14:41:48.741 [info] Getting sessions for all scopes...
2025-05-28 14:41:48.741 [info] Got 0 sessions for ...
2025-05-28 14:41:48.741 [info] Getting sessions for all scopes...
2025-05-28 14:41:48.741 [info] Got 0 sessions for ...
2025-05-28 14:41:48.742 [info] Getting sessions for all scopes...
2025-05-28 14:41:48.742 [info] Got 0 sessions for ...
2025-05-28 14:41:48.742 [info] Getting sessions for all scopes...
2025-05-28 14:41:48.742 [info] Got 0 sessions for ...
2025-05-28 14:41:48.743 [info] Getting sessions for all scopes...
2025-05-28 14:41:48.743 [info] Got 0 sessions for ...
2025-05-28 14:41:49.487 [info] Getting sessions for all scopes...
2025-05-28 14:41:49.487 [info] Got 0 sessions for ...
2025-05-28 14:41:51.588 [info] Getting sessions for all scopes...
2025-05-28 14:41:51.588 [info] Got 0 sessions for ...
2025-05-28 14:41:52.039 [info] Getting sessions for all scopes...
2025-05-28 14:41:52.039 [info] Got 0 sessions for ...
2025-05-28 14:41:52.039 [info] Getting sessions for all scopes...
2025-05-28 14:41:52.040 [info] Got 0 sessions for ...
2025-05-28 14:41:52.091 [info] Getting sessions for all scopes...
2025-05-28 14:41:52.091 [info] Got 0 sessions for ...
2025-05-28 14:41:52.416 [info] Getting sessions for all scopes...
2025-05-28 14:41:52.416 [info] Got 0 sessions for ...
2025-05-28 14:41:52.416 [info] Getting sessions for read:user,repo,user:email,workflow...
2025-05-28 14:41:52.417 [info] Got 0 sessions for read:user,repo,user:email,workflow...
2025-05-28 14:41:52.498 [info] Getting sessions for user:email...
2025-05-28 14:41:52.498 [info] Got 0 sessions for user:email...
2025-05-28 14:41:52.499 [info] Getting sessions for read:user,repo,user:email,workflow...
2025-05-28 14:41:52.499 [info] Got 0 sessions for read:user,repo,user:email,workflow...
2025-05-28 14:41:52.620 [info] Getting sessions for read:user...
2025-05-28 14:41:52.620 [info] Got 0 sessions for read:user...
2025-05-28 14:41:53.498 [info] Getting sessions for all scopes...
2025-05-28 14:41:53.498 [info] Got 0 sessions for ...
2025-05-28 14:41:53.587 [info] Getting sessions for read:user,repo,user:email,workflow...
2025-05-28 14:41:53.587 [info] Got 0 sessions for read:user,repo,user:email,workflow...
2025-05-28 14:41:53.669 [info] Getting sessions for user:email...
2025-05-28 14:41:53.669 [info] Got 0 sessions for user:email...
2025-05-28 14:41:53.815 [info] Getting sessions for user:email...
2025-05-28 14:41:53.815 [info] Got 0 sessions for user:email...
2025-05-28 14:41:54.143 [info] Getting sessions for all scopes...
2025-05-28 14:41:54.143 [info] Got 0 sessions for ...
2025-05-28 14:41:54.676 [info] Getting sessions for user:email...
2025-05-28 14:41:54.676 [info] Got 0 sessions for user:email...
2025-05-28 14:41:54.676 [info] Getting sessions for all scopes...
2025-05-28 14:41:54.676 [info] Got 0 sessions for ...
2025-05-28 14:41:54.795 [info] Getting sessions for all scopes...
2025-05-28 14:41:54.795 [info] Got 0 sessions for ...
2025-05-28 14:41:54.799 [info] Getting sessions for read:user,repo,user:email,workflow...
2025-05-28 14:41:54.799 [info] Got 0 sessions for read:user,repo,user:email,workflow...
2025-05-28 14:41:54.801 [info] Getting sessions for user:email...
2025-05-28 14:41:54.801 [info] Got 0 sessions for user:email...
2025-05-28 14:41:54.803 [info] Getting sessions for all scopes...
2025-05-28 14:41:54.803 [info] Got 0 sessions for ...
2025-05-28 14:41:54.805 [info] Getting sessions for user:email...
2025-05-28 14:41:54.805 [info] Got 0 sessions for user:email...
2025-05-28 14:41:54.811 [info] Getting sessions for all scopes...
2025-05-28 14:41:54.811 [info] Got 0 sessions for ...
2025-05-28 14:41:54.812 [info] Getting sessions for all scopes...
2025-05-28 14:41:54.812 [info] Got 0 sessions for ...
