2025-05-28 14:40:42.477 [info] [main] Log level: Info
2025-05-28 14:40:42.477 [info] [main] Validating found git in: "git"
2025-05-28 14:40:42.477 [info] [main] Using git "2.49.0" from "git"
2025-05-28 14:40:42.477 [info] [Model][doInitialScan] Initial repository scan started
2025-05-28 14:40:42.477 [info] [Model][doInitialScan] Initial repository scan completed - repositories (0), closed repositories (0), parent repositories (0), unsafe repositories (0)
2025-05-28 14:41:40.308 [info] > git clone https://github.com/MuriloZague/Murilo-Dotfiles.git /home/murilo/Projects/Murilo-Dotfiles --progress --recursive [1914ms]
2025-05-28 14:41:40.308 [info] Cloning into '/home/murilo/Projects/Murilo-Dotfiles'...
remote: Enumerating objects: 3, done.        
remote: Counting objects:  33% (1/3)        remote: Counting objects:  66% (2/3)        remote: Counting objects: 100% (3/3)        remote: Counting objects: 100% (3/3), done.        
remote: Total 3 (delta 0), reused 0 (delta 0), pack-reused 0 (from 0)        
Receiving objects:  33% (1/3)Receiving objects:  66% (2/3)Receiving objects: 100% (3/3)Receiving objects: 100% (3/3), done.
2025-05-28 14:41:51.505 [info] [main] Log level: Info
2025-05-28 14:41:51.505 [info] [main] Validating found git in: "git"
2025-05-28 14:41:51.505 [info] [main] Using git "2.49.0" from "git"
2025-05-28 14:41:51.505 [info] [Model][doInitialScan] Initial repository scan started
2025-05-28 14:41:51.505 [info] > git rev-parse --show-toplevel [16ms]
2025-05-28 14:41:51.995 [info] > git rev-parse --git-dir --git-common-dir [127ms]
2025-05-28 14:41:52.025 [info] [Model][openRepository] Opened repository (path): /home/murilo/Projects/Murilo-Dotfiles
2025-05-28 14:41:52.025 [info] [Model][openRepository] Opened repository (real path): /home/murilo/Projects/Murilo-Dotfiles
2025-05-28 14:41:52.035 [info] [Model][doInitialScan] Initial repository scan completed - repositories (1), closed repositories (0), parent repositories (0), unsafe repositories (0)
2025-05-28 14:41:52.376 [info] > git config --get commit.template [297ms]
2025-05-28 14:41:52.497 [info] > git for-each-ref --format=%(refname)%00%(upstream:short)%00%(objectname)%00%(upstream:track)%00%(upstream:remotename)%00%(upstream:remoteref) refs/heads/main refs/remotes/main [43ms]
2025-05-28 14:41:52.536 [warning] [Git][revParse] Unable to read file: ENOENT: no such file or directory, open '/home/murilo/Projects/Murilo-Dotfiles/.git/refs/remotes/origin/main'
2025-05-28 14:41:52.540 [info] > git rev-parse refs/remotes/origin/main [5ms]
2025-05-28 14:41:52.618 [info] > git status -z -uall [42ms]
2025-05-28 14:41:53.169 [info] > git for-each-ref --sort -committerdate --format %(refname)%00%(objectname)%00%(*objectname) [553ms]
2025-05-28 14:41:53.402 [info] > git check-ignore -v -z --stdin [120ms]
2025-05-28 14:41:53.404 [info] > git for-each-ref --format=%(refname)%00%(upstream:short)%00%(objectname)%00%(upstream:track)%00%(upstream:remotename)%00%(upstream:remoteref) refs/heads/main refs/remotes/main [164ms]
2025-05-28 14:41:53.457 [info] > git config --get --local branch.main.vscode-merge-base [9ms]
2025-05-28 14:41:53.457 [warning] [Git][config] git config failed: Failed to execute git
2025-05-28 14:41:53.497 [info] > git config --get commit.template [174ms]
2025-05-28 14:41:53.545 [info] > git reflog main --grep-reflog=branch: Created from *. [48ms]
2025-05-28 14:41:53.631 [info] > git symbolic-ref --short refs/remotes/origin/HEAD [45ms]
2025-05-28 14:41:53.673 [info] > git for-each-ref --format=%(refname)%00%(upstream:short)%00%(objectname)%00%(upstream:track)%00%(upstream:remotename)%00%(upstream:remoteref) refs/heads/main refs/remotes/main [44ms]
2025-05-28 14:41:53.713 [warning] [Git][revParse] Unable to read file: ENOENT: no such file or directory, open '/home/murilo/Projects/Murilo-Dotfiles/.git/refs/remotes/origin/main'
2025-05-28 14:41:53.714 [info] > git for-each-ref --format=%(refname)%00%(upstream:short)%00%(objectname)%00%(upstream:track)%00%(upstream:remotename)%00%(upstream:remoteref) refs/heads/origin/main refs/remotes/origin/main [46ms]
2025-05-28 14:41:53.769 [info] > git config --add --local branch.main.vscode-merge-base origin/main [16ms]
2025-05-28 14:41:53.770 [info] > git rev-parse refs/remotes/origin/main [57ms]
2025-05-28 14:41:53.897 [info] > git for-each-ref --format=%(refname)%00%(upstream:short)%00%(objectname)%00%(upstream:track)%00%(upstream:remotename)%00%(upstream:remoteref) refs/heads/main refs/remotes/main [87ms]
2025-05-28 14:41:53.944 [info] > git config --get --local branch.main.vscode-merge-base [8ms]
2025-05-28 14:41:53.982 [info] > git config --get commit.template [86ms]
2025-05-28 14:41:53.983 [info] > git config --get commit.template [128ms]
2025-05-28 14:41:53.992 [info] > git for-each-ref --format=%(refname)%00%(upstream:short)%00%(objectname)%00%(upstream:track)%00%(upstream:remotename)%00%(upstream:remoteref) refs/heads/origin/main refs/remotes/origin/main [10ms]
2025-05-28 14:41:54.105 [info] > git for-each-ref --format=%(refname)%00%(upstream:short)%00%(objectname)%00%(upstream:track)%00%(upstream:remotename)%00%(upstream:remoteref) refs/heads/main refs/remotes/main [36ms]
2025-05-28 14:41:54.106 [info] > git merge-base refs/heads/main refs/remotes/origin/main [74ms]
2025-05-28 14:41:54.180 [warning] [Git][revParse] Unable to read file: ENOENT: no such file or directory, open '/home/murilo/Projects/Murilo-Dotfiles/.git/refs/remotes/origin/main'
2025-05-28 14:41:54.184 [info] > git for-each-ref --format=%(refname)%00%(upstream:short)%00%(objectname)%00%(upstream:track)%00%(upstream:remotename)%00%(upstream:remoteref) refs/heads/main refs/remotes/main [81ms]
2025-05-28 14:41:54.398 [warning] [Git][revParse] Unable to read file: ENOENT: no such file or directory, open '/home/murilo/Projects/Murilo-Dotfiles/.git/refs/remotes/origin/main'
2025-05-28 14:41:54.399 [info] > git rev-parse refs/remotes/origin/main [219ms]
2025-05-28 14:41:54.473 [info] > git diff --name-status -z --diff-filter=ADMR 8614e6141ea6461ca29f34020193bd0029d04673...refs/remotes/origin/main [330ms]
2025-05-28 14:41:54.482 [info] > git merge-base refs/heads/main refs/remotes/origin/main [10ms]
2025-05-28 14:41:54.516 [info] > git merge-base refs/heads/main refs/remotes/origin/main [82ms]
2025-05-28 14:41:54.549 [info] > git rev-parse refs/remotes/origin/main [152ms]
2025-05-28 14:41:54.616 [info] > git status -z -uall [37ms]
2025-05-28 14:41:54.617 [info] > git for-each-ref --sort -committerdate --format %(refname)%00%(objectname)%00%(*objectname) [5ms]
2025-05-28 14:41:54.624 [info] > git diff --name-status -z --diff-filter=ADMR 8614e6141ea6461ca29f34020193bd0029d04673...refs/remotes/origin/main [76ms]
2025-05-28 14:41:54.624 [info] > git diff --name-status -z --diff-filter=ADMR 8614e6141ea6461ca29f34020193bd0029d04673...refs/remotes/origin/main [108ms]
