2025-05-27 21:20:46.513 [info] Reading sessions from keychain...
2025-05-27 21:20:46.513 [info] Getting sessions for all scopes...
2025-05-27 21:20:46.513 [info] Getting sessions for all scopes...
2025-05-27 21:20:46.513 [info] Getting sessions for all scopes...
2025-05-27 21:20:46.513 [info] Got 0 sessions for ...
2025-05-27 21:20:46.513 [info] Got 0 sessions for ...
2025-05-27 21:20:46.513 [info] Got 0 sessions for ...
2025-05-27 21:20:46.513 [info] Getting sessions for all scopes...
2025-05-27 21:20:46.513 [info] Got 0 sessions for ...
2025-05-27 21:20:46.513 [info] Getting sessions for all scopes...
2025-05-27 21:20:46.513 [info] Got 0 sessions for ...
2025-05-27 21:20:46.513 [info] Getting sessions for all scopes...
2025-05-27 21:20:46.513 [info] Got 0 sessions for ...
2025-05-27 21:20:46.513 [info] Getting sessions for all scopes...
2025-05-27 21:20:46.513 [info] Got 0 sessions for ...
2025-05-27 21:20:46.513 [info] Getting sessions for all scopes...
2025-05-27 21:20:46.513 [info] Got 0 sessions for ...
2025-05-27 21:20:46.513 [info] Getting sessions for all scopes...
2025-05-27 21:20:46.513 [info] Got 0 sessions for ...
2025-05-27 21:20:46.513 [info] Getting sessions for all scopes...
2025-05-27 21:20:46.513 [info] Got 0 sessions for ...
2025-05-27 21:20:46.513 [info] Getting sessions for all scopes...
2025-05-27 21:20:46.513 [info] Got 0 sessions for ...
2025-05-27 21:20:46.513 [info] Getting sessions for all scopes...
2025-05-27 21:20:46.513 [info] Got 0 sessions for ...
2025-05-27 21:20:46.513 [info] Getting sessions for all scopes...
2025-05-27 21:20:46.513 [info] Got 0 sessions for ...
2025-05-27 21:20:46.513 [info] Getting sessions for all scopes...
2025-05-27 21:20:46.513 [info] Got 0 sessions for ...
2025-05-27 21:20:46.513 [info] Getting sessions for all scopes...
2025-05-27 21:20:46.513 [info] Got 0 sessions for ...
2025-05-27 21:20:47.607 [info] Getting sessions for all scopes...
2025-05-27 21:20:47.607 [info] Got 0 sessions for ...
2025-05-27 21:28:11.066 [info] Logging in with 'any' account...
2025-05-27 21:28:11.066 [info] Logging in for the following scopes: user:email
2025-05-27 21:28:11.102 [info] Trying without local server... (user:email)
2025-05-27 21:28:28.116 [info] Exchanging code for token...
2025-05-27 21:28:29.366 [info] Token exchange success!
2025-05-27 21:28:29.367 [info] Getting user info...
2025-05-27 21:28:39.506 [info] Got account info!
2025-05-27 21:28:39.507 [info] Storing 1 sessions...
2025-05-27 21:28:42.306 [info] Reading sessions from keychain...
2025-05-27 21:28:42.306 [info] Stored 1 sessions!
2025-05-27 21:28:42.306 [info] Login success!
2025-05-27 21:28:42.307 [info] Got stored sessions!
2025-05-27 21:28:42.307 [info] Got 1 verified sessions.
2025-05-27 21:28:42.307 [info] Getting sessions for all scopes...
2025-05-27 21:28:42.307 [info] Got 1 sessions for ...
2025-05-27 21:28:42.308 [info] Getting sessions for all scopes...
2025-05-27 21:28:42.308 [info] Got 1 sessions for ...
2025-05-27 21:28:42.317 [info] Getting sessions for all scopes...
2025-05-27 21:28:42.317 [info] Got 1 sessions for ...
2025-05-27 21:29:16.719 [info] Getting sessions for all scopes...
2025-05-27 21:29:16.719 [info] Got 1 sessions for ...
2025-05-27 21:29:16.736 [info] Getting sessions for all scopes...
2025-05-27 21:29:16.736 [info] Got 1 sessions for ...
2025-05-27 21:29:17.157 [info] Getting sessions for all scopes...
2025-05-27 21:29:17.158 [info] Got 1 sessions for ...
2025-05-27 21:29:17.159 [info] Getting sessions for all scopes...
2025-05-27 21:29:17.159 [info] Got 1 sessions for ...
2025-05-27 21:30:39.674 [info] Getting sessions for all scopes...
2025-05-27 21:30:39.674 [info] Got 1 sessions for ...
2025-05-27 21:30:39.675 [info] Getting sessions for all scopes...
2025-05-27 21:30:39.675 [info] Got 1 sessions for ...
2025-05-27 21:30:39.726 [info] Getting sessions for all scopes...
2025-05-27 21:30:39.726 [info] Got 1 sessions for ...
2025-05-27 21:30:39.943 [info] Getting sessions for all scopes...
2025-05-27 21:30:39.943 [info] Got 1 sessions for ...
2025-05-27 21:30:39.945 [info] Getting sessions for read:user,repo,user:email,workflow...
2025-05-27 21:30:39.945 [info] Got 0 sessions for read:user,repo,user:email,workflow...
2025-05-27 21:30:39.947 [info] Getting sessions for read:user,repo,user:email,workflow...
2025-05-27 21:30:39.947 [info] Got 0 sessions for read:user,repo,user:email,workflow...
2025-05-27 21:30:39.949 [info] Getting sessions for read:user...
2025-05-27 21:30:39.949 [info] Got 0 sessions for read:user...
2025-05-27 21:30:39.950 [info] Getting sessions for user:email...
2025-05-27 21:30:39.950 [info] Got 1 sessions for user:email...
2025-05-27 21:30:39.950 [info] Getting sessions for read:user,repo,user:email,workflow...
2025-05-27 21:30:39.950 [info] Got 0 sessions for read:user,repo,user:email,workflow...
2025-05-27 21:30:40.380 [info] Getting sessions for user:email...
2025-05-27 21:30:40.380 [info] Got 1 sessions for user:email...
2025-05-27 21:30:40.382 [info] Getting sessions for all scopes...
2025-05-27 21:30:40.382 [info] Got 1 sessions for ...
2025-05-27 21:30:40.393 [info] Getting sessions for read:user,repo,user:email,workflow...
2025-05-27 21:30:40.393 [info] Got 0 sessions for read:user,repo,user:email,workflow...
2025-05-27 21:30:40.562 [info] Getting sessions for user:email...
2025-05-27 21:30:40.562 [info] Got 1 sessions for user:email...
2025-05-27 21:30:40.564 [info] Getting sessions for all scopes...
2025-05-27 21:30:40.564 [info] Got 1 sessions for ...
2025-05-27 21:30:40.565 [info] Getting sessions for read:user,repo,user:email,workflow...
2025-05-27 21:30:40.565 [info] Got 0 sessions for read:user,repo,user:email,workflow...
2025-05-27 21:30:40.567 [info] Getting sessions for user:email...
2025-05-27 21:30:40.567 [info] Got 1 sessions for user:email...
2025-05-27 21:30:42.654 [info] Getting sessions for all scopes...
2025-05-27 21:30:42.654 [info] Got 1 sessions for ...
2025-05-27 21:30:42.686 [info] Getting sessions for read:user,repo,user:email,workflow...
2025-05-27 21:30:42.686 [info] Got 0 sessions for read:user,repo,user:email,workflow...
2025-05-27 21:30:42.689 [info] Getting sessions for user:email...
2025-05-27 21:30:42.689 [info] Got 1 sessions for user:email...
2025-05-27 21:30:50.279 [info] Getting sessions for all scopes...
2025-05-27 21:30:50.280 [info] Got 1 sessions for ...
2025-05-27 21:30:50.280 [info] Getting sessions for all scopes...
2025-05-27 21:30:50.280 [info] Got 1 sessions for ...
2025-05-27 21:30:50.295 [info] Getting sessions for read:user,repo,user:email,workflow...
2025-05-27 21:30:50.295 [info] Got 0 sessions for read:user,repo,user:email,workflow...
2025-05-27 21:30:50.296 [info] Getting sessions for user:email...
2025-05-27 21:30:50.296 [info] Got 1 sessions for user:email...
2025-05-27 21:30:50.297 [info] Getting sessions for read:user,repo,user:email,workflow...
2025-05-27 21:30:50.297 [info] Got 0 sessions for read:user,repo,user:email,workflow...
2025-05-27 21:30:50.300 [info] Getting sessions for all scopes...
2025-05-27 21:30:50.300 [info] Got 1 sessions for ...
2025-05-27 21:30:50.301 [info] Getting sessions for read:user,repo,user:email,workflow...
2025-05-27 21:30:50.301 [info] Got 0 sessions for read:user,repo,user:email,workflow...
2025-05-27 21:30:50.302 [info] Getting sessions for user:email...
2025-05-27 21:30:50.302 [info] Got 1 sessions for user:email...
2025-05-27 21:30:50.428 [info] Getting sessions for all scopes...
2025-05-27 21:30:50.428 [info] Got 1 sessions for ...
2025-05-27 21:30:50.434 [info] Getting sessions for all scopes...
2025-05-27 21:30:50.434 [info] Got 1 sessions for ...
2025-05-27 21:30:50.438 [info] Getting sessions for read:user,repo,user:email,workflow...
2025-05-27 21:30:50.438 [info] Got 0 sessions for read:user,repo,user:email,workflow...
2025-05-27 21:30:50.444 [info] Getting sessions for user:email...
2025-05-27 21:30:50.444 [info] Got 1 sessions for user:email...
2025-05-27 21:30:50.444 [info] Getting sessions for read:user,repo,user:email,workflow...
2025-05-27 21:30:50.444 [info] Got 0 sessions for read:user,repo,user:email,workflow...
2025-05-27 21:30:50.448 [info] Getting sessions for all scopes...
2025-05-27 21:30:50.448 [info] Got 1 sessions for ...
2025-05-27 21:30:50.450 [info] Getting sessions for all scopes...
2025-05-27 21:30:50.450 [info] Got 1 sessions for ...
2025-05-27 21:30:50.450 [info] Getting sessions for all scopes...
2025-05-27 21:30:50.450 [info] Got 1 sessions for ...
2025-05-27 21:30:50.454 [info] Getting sessions for read:user,repo,user:email,workflow...
2025-05-27 21:30:50.454 [info] Got 0 sessions for read:user,repo,user:email,workflow...
2025-05-27 21:30:50.455 [info] Getting sessions for user:email...
2025-05-27 21:30:50.455 [info] Got 1 sessions for user:email...
2025-05-27 21:31:00.126 [info] Getting sessions for all scopes...
2025-05-27 21:31:00.126 [info] Got 1 sessions for ...
2025-05-27 21:31:00.127 [info] Getting sessions for read:user,repo,user:email,workflow...
2025-05-27 21:31:00.127 [info] Got 0 sessions for read:user,repo,user:email,workflow...
2025-05-27 21:31:00.128 [info] Getting sessions for user:email...
2025-05-27 21:31:00.128 [info] Got 1 sessions for user:email...
2025-05-27 21:32:00.688 [info] Getting sessions for all scopes...
2025-05-27 21:32:00.689 [info] Got 1 sessions for ...
2025-05-27 21:32:00.705 [info] Getting sessions for all scopes...
2025-05-27 21:32:00.705 [info] Got 1 sessions for ...
2025-05-27 21:46:00.137 [info] Getting sessions for all scopes...
2025-05-27 21:46:00.137 [info] Got 1 sessions for ...
2025-05-27 21:46:00.140 [info] Getting sessions for read:user,repo,user:email,workflow...
2025-05-27 21:46:00.140 [info] Got 0 sessions for read:user,repo,user:email,workflow...
2025-05-27 21:46:00.142 [info] Getting sessions for user:email...
2025-05-27 21:46:00.142 [info] Got 1 sessions for user:email...
2025-05-27 22:01:00.149 [info] Getting sessions for all scopes...
2025-05-27 22:01:00.149 [info] Got 1 sessions for ...
2025-05-27 22:01:00.151 [info] Getting sessions for read:user,repo,user:email,workflow...
2025-05-27 22:01:00.151 [info] Got 0 sessions for read:user,repo,user:email,workflow...
2025-05-27 22:01:00.152 [info] Getting sessions for user:email...
2025-05-27 22:01:00.152 [info] Got 1 sessions for user:email...
2025-05-27 22:01:00.154 [info] Getting sessions for all scopes...
2025-05-27 22:01:00.154 [info] Got 1 sessions for ...
2025-05-27 22:01:00.155 [info] Getting sessions for read:user,repo,user:email,workflow...
2025-05-27 22:01:00.155 [info] Got 0 sessions for read:user,repo,user:email,workflow...
2025-05-27 22:01:00.157 [info] Getting sessions for user:email...
2025-05-27 22:01:00.157 [info] Got 1 sessions for user:email...
2025-05-27 22:01:01.439 [info] Getting sessions for all scopes...
2025-05-27 22:01:01.440 [info] Got 1 sessions for ...
2025-05-27 22:01:01.440 [info] Getting sessions for all scopes...
2025-05-27 22:01:01.440 [info] Got 1 sessions for ...
2025-05-27 22:01:01.441 [info] Getting sessions for read:user,repo,user:email,workflow...
2025-05-27 22:01:01.441 [info] Got 0 sessions for read:user,repo,user:email,workflow...
2025-05-27 22:01:01.442 [info] Getting sessions for user:email...
2025-05-27 22:01:01.442 [info] Got 1 sessions for user:email...
2025-05-27 22:01:01.442 [info] Getting sessions for read:user,repo,user:email,workflow...
2025-05-27 22:01:01.442 [info] Got 0 sessions for read:user,repo,user:email,workflow...
2025-05-27 22:01:01.443 [info] Getting sessions for all scopes...
2025-05-27 22:01:01.443 [info] Got 1 sessions for ...
2025-05-27 22:01:01.444 [info] Getting sessions for read:user,repo,user:email,workflow...
2025-05-27 22:01:01.444 [info] Got 0 sessions for read:user,repo,user:email,workflow...
2025-05-27 22:01:01.445 [info] Getting sessions for user:email...
2025-05-27 22:01:01.445 [info] Got 1 sessions for user:email...
2025-05-27 22:01:01.448 [info] Getting sessions for all scopes...
2025-05-27 22:01:01.448 [info] Got 1 sessions for ...
2025-05-27 22:01:01.448 [info] Getting sessions for all scopes...
2025-05-27 22:01:01.448 [info] Got 1 sessions for ...
2025-05-27 22:01:01.449 [info] Getting sessions for read:user,repo,user:email,workflow...
2025-05-27 22:01:01.449 [info] Got 0 sessions for read:user,repo,user:email,workflow...
2025-05-27 22:01:01.451 [info] Getting sessions for user:email...
2025-05-27 22:01:01.451 [info] Got 1 sessions for user:email...
2025-05-27 22:01:01.451 [info] Getting sessions for read:user,repo,user:email,workflow...
2025-05-27 22:01:01.451 [info] Got 0 sessions for read:user,repo,user:email,workflow...
2025-05-27 22:01:01.488 [info] Getting sessions for all scopes...
2025-05-27 22:01:01.488 [info] Got 1 sessions for ...
2025-05-27 22:01:01.489 [info] Getting sessions for read:user,repo,user:email,workflow...
2025-05-27 22:01:01.489 [info] Got 0 sessions for read:user,repo,user:email,workflow...
2025-05-27 22:01:01.490 [info] Getting sessions for user:email...
2025-05-27 22:01:01.490 [info] Got 1 sessions for user:email...
